<?xml version="1.0" encoding="UTF-8"?>
<testsuite name="com.linkedin.platform.LinkedInConnectionManagerTest" tests="1" skipped="0" failures="0" errors="0" timestamp="2015-07-18T07:32:43" hostname="Kevins-MacBook-Pro.local" time="1.199">
  <properties/>
  <testcase name="testSomething" classname="com.linkedin.platform.LinkedInConnectionManagerTest" time="1.199"/>
  <system-out><![CDATA[]]></system-out>
  <system-err><![CDATA[WARNING: no system properties value for ro.build.date.utc
]]></system-err>
</testsuite>
